<?xml version="1.0" encoding="UTF-8"?>
<!-- Generated by org.testng.reporters.JUnitReportReporter -->
<testsuite hostname="BW33-2014-HP" name="test.BankCardDetailsTest" tests="1" failures="0" timestamp="13 Nov 2015 20:14:07 GMT" time="0.025" errors="0">
  <testcase name="testBankAExpress" time="0.025" classname="test.BankCardDetailsTest"/>
</testsuite> <!-- test.BankCardDetailsTest -->
