<?xml version="1.0" encoding="UTF-8"?>
<!-- Generated by org.testng.reporters.JUnitReportReporter -->
<testsuite hostname="BW33-2014-HP" name="test.ReadCsvFileTest" tests="1" failures="0" timestamp="14 Nov 2015 15:50:03 GMT" time="0.040" errors="0">
  <testcase name="testReadBuffered" time="0.040" classname="test.ReadCsvFileTest"/>
</testsuite> <!-- test.ReadCsvFileTest -->
