<?xml version="1.0" encoding="UTF-8"?>
<!-- Generated by org.testng.reporters.JUnitReportReporter -->
<testsuite hostname="BW33-2014-HP" name="test.BankCardDetailsHsbcTest" tests="1" failures="0" timestamp="13 Nov 2015 20:02:14 GMT" time="0.024" errors="0">
  <testcase name="testBankRBS" time="0.024" classname="test.BankCardDetailsHsbcTest"/>
</testsuite> <!-- test.BankCardDetailsHsbcTest -->
